<?xml version="1.0" encoding="UTF-8"?>
<!-- Generated by org.testng.reporters.JUnitReportReporter -->
<testsuite hostname="LAPTOP-PV6Q8E31" failures="0" tests="1" name="runner.Testrunner" time="10.119" errors="0" timestamp="2025-02-04T13:19:45 EST" skipped="0">
  <testcase classname="runner.Testrunner" name="runScenario" time="10.119"/>
</testsuite> <!-- runner.Testrunner -->
